<?xml version="1.0" encoding="UTF-8"?>
<!-- Generated by org.testng.reporters.JUnitXMLReporter -->
<testsuite ignored="0" hostname="DESKTOP-VPOCKJB" failures="0" tests="5" name="Default test" time="10.871" errors="0" timestamp="2023-07-17T12:05:06 IST">
  <testcase classname="testScenarios.TestMethodgoogle" name="verifyLandingPagegoogle" time="0.017"/>
  <testcase classname="testScenarios.TestMethodgoogle" name="searchgoogleOperation" time="0.405"/>
  <testcase classname="testScenarios.TestMethodgoogle" name="verifyandAcessGuviLogin" time="5.722"/>
  <testcase classname="testScenarios.TestMethodgoogle" name="verifyLandingPageguvi" time="0.01"/>
  <testcase classname="testScenarios.TestMethodgoogle" name="LoginGuviPage" time="0.251"/>
</testsuite> <!-- Default test -->
