<?xml version="1.0" encoding="UTF-8"?>
<testng-results ignored="0" total="1" passed="1" failed="0" skipped="0">
  <reporter-output>
  </reporter-output>
  <suite started-at="2023-07-18T12:32:26 IST" name="Default suite" finished-at="2023-07-18T12:32:39 IST" duration-ms="12468">
    <groups>
    </groups>
    <test started-at="2023-07-18T12:32:26 IST" name="Default test" finished-at="2023-07-18T12:32:39 IST" duration-ms="12468">
      <class name="testScenarios.LoginTest">
        <test-method is-config="true" signature="beforeTest()[pri:0, instance:testScenarios.LoginTest@51399530]" started-at="2023-07-18T12:32:26 IST" name="beforeTest" finished-at="2023-07-18T12:32:30 IST" duration-ms="3694" status="PASS">
          <reporter-output>
          </reporter-output>
        </test-method> <!-- beforeTest -->
        <test-method signature="loginTest()[pri:0, instance:testScenarios.LoginTest@51399530]" started-at="2023-07-18T12:32:30 IST" name="loginTest" finished-at="2023-07-18T12:32:38 IST" duration-ms="8340" status="PASS">
          <reporter-output>
          </reporter-output>
        </test-method> <!-- loginTest -->
        <test-method is-config="true" signature="afterTest()[pri:0, instance:testScenarios.LoginTest@51399530]" started-at="2023-07-18T12:32:38 IST" name="afterTest" finished-at="2023-07-18T12:32:39 IST" duration-ms="392" status="PASS">
          <reporter-output>
          </reporter-output>
        </test-method> <!-- afterTest -->
      </class> <!-- testScenarios.LoginTest -->
    </test> <!-- Default test -->
  </suite> <!-- Default suite -->
</testng-results>
